<?xml version="1.0" encoding="UTF-8"?>
<testng-results ignored="0" total="1" passed="1" failed="0" skipped="0">
  <reporter-output>
  </reporter-output>
  <suite started-at="2025-05-07T22:26:32 PDT" name="Default suite" finished-at="2025-05-07T22:26:32 PDT" duration-ms="81">
    <groups>
    </groups>
    <test started-at="2025-05-07T22:26:32 PDT" name="Default test" finished-at="2025-05-07T22:26:32 PDT" duration-ms="81">
      <class name="com.vois.test.LoginTest">
        <test-method signature="validLoginTest()[pri:0, instance:com.vois.test.LoginTest@799f10e1]" started-at="2025-05-07T22:26:32 PDT" name="validLoginTest" finished-at="2025-05-07T22:26:32 PDT" duration-ms="15" status="PASS">
          <reporter-output>
          </reporter-output>
        </test-method> <!-- validLoginTest -->
      </class> <!-- com.vois.test.LoginTest -->
    </test> <!-- Default test -->
  </suite> <!-- Default suite -->
</testng-results>
